This file contains any messages produced by compilers while
running configure, to aid debugging if configure makes a mistake.

It was created by INF8601-LAB2 configure 2.1.5, which was
generated by GNU Autoconf 2.69.  Invocation command line was

  $ ./configure 

## --------- ##
## Platform. ##
## --------- ##

hostname = debian
uname -m = x86_64
uname -r = 4.13.0-1-amd64
uname -s = Linux
uname -v = #1 SMP Debian 4.13.4-2 (2017-10-15)

/usr/bin/uname -p = unknown
/bin/uname -X     = unknown

/bin/arch              = unknown
/usr/bin/arch -k       = unknown
/usr/convex/getsysinfo = unknown
/usr/bin/hostinfo      = unknown
/bin/machine           = unknown
/usr/bin/oslevel       = unknown
/bin/universe          = unknown

PATH: /usr/local/bin
PATH: /usr/bin
PATH: /bin
PATH: /usr/local/games
PATH: /usr/games


## ----------- ##
## Core tests. ##
## ----------- ##

configure:2407: checking for a BSD-compatible install
configure:2475: result: /usr/bin/install -c
configure:2486: checking whether build environment is sane
configure:2541: result: yes
configure:2692: checking for a thread-safe mkdir -p
configure:2731: result: /bin/mkdir -p
configure:2738: checking for gawk
configure:2754: found /usr/bin/gawk
configure:2765: result: gawk
configure:2776: checking whether make sets $(MAKE)
configure:2798: result: yes
configure:2827: checking whether make supports nested variables
configure:2844: result: yes
configure:2986: checking for style of include used by make
configure:3014: result: GNU
configure:3085: checking for gcc
configure:3101: found /usr/bin/gcc
configure:3112: result: gcc
configure:3341: checking for C compiler version
configure:3350: gcc --version >&5
gcc (Debian 7.2.0-11) 7.2.0
Copyright (C) 2017 Free Software Foundation, Inc.
This is free software; see the source for copying conditions.  There is NO
warranty; not even for MERCHANTABILITY or FITNESS FOR A PARTICULAR PURPOSE.

configure:3361: $? = 0
configure:3350: gcc -v >&5
Using built-in specs.
COLLECT_GCC=gcc
COLLECT_LTO_WRAPPER=/usr/lib/gcc/x86_64-linux-gnu/7/lto-wrapper
OFFLOAD_TARGET_NAMES=nvptx-none
OFFLOAD_TARGET_DEFAULT=1
Target: x86_64-linux-gnu
Configured with: ../src/configure -v --with-pkgversion='Debian 7.2.0-11' --with-bugurl=file:///usr/share/doc/gcc-7/README.Bugs --enable-languages=c,ada,c++,go,brig,d,fortran,objc,obj-c++ --prefix=/usr --with-gcc-major-version-only --program-suffix=-7 --program-prefix=x86_64-linux-gnu- --enable-shared --enable-linker-build-id --libexecdir=/usr/lib --without-included-gettext --enable-threads=posix --libdir=/usr/lib --enable-nls --with-sysroot=/ --enable-clocale=gnu --enable-libstdcxx-debug --enable-libstdcxx-time=yes --with-default-libstdcxx-abi=new --enable-gnu-unique-object --disable-vtable-verify --enable-libmpx --enable-plugin --enable-default-pie --with-system-zlib --with-target-system-zlib --enable-objc-gc=auto --enable-multiarch --disable-werror --with-arch-32=i686 --with-abi=m64 --with-multilib-list=m32,m64,mx32 --enable-multilib --with-tune=generic --enable-offload-targets=nvptx-none --without-cuda-driver --enable-checking=release --build=x86_64-linux-gnu --host=x86_64-linux-gnu --target=x86_64-linux-gnu
Thread model: posix
gcc version 7.2.0 (Debian 7.2.0-11) 
configure:3361: $? = 0
configure:3350: gcc -V >&5
gcc: error: unrecognized command line option '-V'
gcc: fatal error: no input files
compilation terminated.
configure:3361: $? = 1
configure:3350: gcc -qversion >&5
gcc: error: unrecognized command line option '-qversion'; did you mean '--version'?
gcc: fatal error: no input files
compilation terminated.
configure:3361: $? = 1
configure:3381: checking whether the C compiler works
configure:3403: gcc    conftest.c  >&5
configure:3407: $? = 0
configure:3455: result: yes
configure:3458: checking for C compiler default output file name
configure:3460: result: a.out
configure:3466: checking for suffix of executables
configure:3473: gcc -o conftest    conftest.c  >&5
configure:3477: $? = 0
configure:3499: result: 
configure:3521: checking whether we are cross compiling
configure:3529: gcc -o conftest    conftest.c  >&5
configure:3533: $? = 0
configure:3540: ./conftest
configure:3544: $? = 0
configure:3559: result: no
configure:3564: checking for suffix of object files
configure:3586: gcc -c   conftest.c >&5
configure:3590: $? = 0
configure:3611: result: o
configure:3615: checking whether we are using the GNU C compiler
configure:3634: gcc -c   conftest.c >&5
configure:3634: $? = 0
configure:3643: result: yes
configure:3652: checking whether gcc accepts -g
configure:3672: gcc -c -g  conftest.c >&5
configure:3672: $? = 0
configure:3713: result: yes
configure:3730: checking for gcc option to accept ISO C89
configure:3793: gcc  -c -g -O2  conftest.c >&5
configure:3793: $? = 0
configure:3806: result: none needed
configure:3831: checking whether gcc understands -c and -o together
configure:3853: gcc -c conftest.c -o conftest2.o
configure:3856: $? = 0
configure:3853: gcc -c conftest.c -o conftest2.o
configure:3856: $? = 0
configure:3868: result: yes
configure:3887: checking dependency style of gcc
configure:3998: result: gcc3
configure:4019: checking how to run the C preprocessor
configure:4050: gcc -E  conftest.c
configure:4050: $? = 0
configure:4064: gcc -E  conftest.c
conftest.c:11:10: fatal error: ac_nonexistent.h: No such file or directory
 #include <ac_nonexistent.h>
          ^~~~~~~~~~~~~~~~~~
compilation terminated.
configure:4064: $? = 1
configure: failed program was:
| /* confdefs.h */
| #define PACKAGE_NAME "INF8601-LAB2"
| #define PACKAGE_TARNAME "inf8601-lab2"
| #define PACKAGE_VERSION "2.1.5"
| #define PACKAGE_STRING "INF8601-LAB2 2.1.5"
| #define PACKAGE_BUGREPORT ""
| #define PACKAGE_URL ""
| #define PACKAGE "inf8601-lab2"
| #define VERSION "2.1.5"
| /* end confdefs.h.  */
| #include <ac_nonexistent.h>
configure:4089: result: gcc -E
configure:4109: gcc -E  conftest.c
configure:4109: $? = 0
configure:4123: gcc -E  conftest.c
conftest.c:11:10: fatal error: ac_nonexistent.h: No such file or directory
 #include <ac_nonexistent.h>
          ^~~~~~~~~~~~~~~~~~
compilation terminated.
configure:4123: $? = 1
configure: failed program was:
| /* confdefs.h */
| #define PACKAGE_NAME "INF8601-LAB2"
| #define PACKAGE_TARNAME "inf8601-lab2"
| #define PACKAGE_VERSION "2.1.5"
| #define PACKAGE_STRING "INF8601-LAB2 2.1.5"
| #define PACKAGE_BUGREPORT ""
| #define PACKAGE_URL ""
| #define PACKAGE "inf8601-lab2"
| #define VERSION "2.1.5"
| /* end confdefs.h.  */
| #include <ac_nonexistent.h>
configure:4152: checking for grep that handles long lines and -e
configure:4210: result: /bin/grep
configure:4215: checking for egrep
configure:4277: result: /bin/grep -E
configure:4282: checking for ANSI C header files
configure:4302: gcc -c -g -O2  conftest.c >&5
configure:4302: $? = 0
configure:4375: gcc -o conftest -g -O2   conftest.c  >&5
configure:4375: $? = 0
configure:4375: ./conftest
configure:4375: $? = 0
configure:4386: result: yes
configure:4399: checking for sys/types.h
configure:4399: gcc -c -g -O2  conftest.c >&5
configure:4399: $? = 0
configure:4399: result: yes
configure:4399: checking for sys/stat.h
configure:4399: gcc -c -g -O2  conftest.c >&5
configure:4399: $? = 0
configure:4399: result: yes
configure:4399: checking for stdlib.h
configure:4399: gcc -c -g -O2  conftest.c >&5
configure:4399: $? = 0
configure:4399: result: yes
configure:4399: checking for string.h
configure:4399: gcc -c -g -O2  conftest.c >&5
configure:4399: $? = 0
configure:4399: result: yes
configure:4399: checking for memory.h
configure:4399: gcc -c -g -O2  conftest.c >&5
configure:4399: $? = 0
configure:4399: result: yes
configure:4399: checking for strings.h
configure:4399: gcc -c -g -O2  conftest.c >&5
configure:4399: $? = 0
configure:4399: result: yes
configure:4399: checking for inttypes.h
configure:4399: gcc -c -g -O2  conftest.c >&5
configure:4399: $? = 0
configure:4399: result: yes
configure:4399: checking for stdint.h
configure:4399: gcc -c -g -O2  conftest.c >&5
configure:4399: $? = 0
configure:4399: result: yes
configure:4399: checking for unistd.h
configure:4399: gcc -c -g -O2  conftest.c >&5
configure:4399: $? = 0
configure:4399: result: yes
configure:4412: checking minix/config.h usability
configure:4412: gcc -c -g -O2  conftest.c >&5
conftest.c:54:10: fatal error: minix/config.h: No such file or directory
 #include <minix/config.h>
          ^~~~~~~~~~~~~~~~
compilation terminated.
configure:4412: $? = 1
configure: failed program was:
| /* confdefs.h */
| #define PACKAGE_NAME "INF8601-LAB2"
| #define PACKAGE_TARNAME "inf8601-lab2"
| #define PACKAGE_VERSION "2.1.5"
| #define PACKAGE_STRING "INF8601-LAB2 2.1.5"
| #define PACKAGE_BUGREPORT ""
| #define PACKAGE_URL ""
| #define PACKAGE "inf8601-lab2"
| #define VERSION "2.1.5"
| #define STDC_HEADERS 1
| #define HAVE_SYS_TYPES_H 1
| #define HAVE_SYS_STAT_H 1
| #define HAVE_STDLIB_H 1
| #define HAVE_STRING_H 1
| #define HAVE_MEMORY_H 1
| #define HAVE_STRINGS_H 1
| #define HAVE_INTTYPES_H 1
| #define HAVE_STDINT_H 1
| #define HAVE_UNISTD_H 1
| /* end confdefs.h.  */
| #include <stdio.h>
| #ifdef HAVE_SYS_TYPES_H
| # include <sys/types.h>
| #endif
| #ifdef HAVE_SYS_STAT_H
| # include <sys/stat.h>
| #endif
| #ifdef STDC_HEADERS
| # include <stdlib.h>
| # include <stddef.h>
| #else
| # ifdef HAVE_STDLIB_H
| #  include <stdlib.h>
| # endif
| #endif
| #ifdef HAVE_STRING_H
| # if !defined STDC_HEADERS && defined HAVE_MEMORY_H
| #  include <memory.h>
| # endif
| # include <string.h>
| #endif
| #ifdef HAVE_STRINGS_H
| # include <strings.h>
| #endif
| #ifdef HAVE_INTTYPES_H
| # include <inttypes.h>
| #endif
| #ifdef HAVE_STDINT_H
| # include <stdint.h>
| #endif
| #ifdef HAVE_UNISTD_H
| # include <unistd.h>
| #endif
| #include <minix/config.h>
configure:4412: result: no
configure:4412: checking minix/config.h presence
configure:4412: gcc -E  conftest.c
conftest.c:21:10: fatal error: minix/config.h: No such file or directory
 #include <minix/config.h>
          ^~~~~~~~~~~~~~~~
compilation terminated.
configure:4412: $? = 1
configure: failed program was:
| /* confdefs.h */
| #define PACKAGE_NAME "INF8601-LAB2"
| #define PACKAGE_TARNAME "inf8601-lab2"
| #define PACKAGE_VERSION "2.1.5"
| #define PACKAGE_STRING "INF8601-LAB2 2.1.5"
| #define PACKAGE_BUGREPORT ""
| #define PACKAGE_URL ""
| #define PACKAGE "inf8601-lab2"
| #define VERSION "2.1.5"
| #define STDC_HEADERS 1
| #define HAVE_SYS_TYPES_H 1
| #define HAVE_SYS_STAT_H 1
| #define HAVE_STDLIB_H 1
| #define HAVE_STRING_H 1
| #define HAVE_MEMORY_H 1
| #define HAVE_STRINGS_H 1
| #define HAVE_INTTYPES_H 1
| #define HAVE_STDINT_H 1
| #define HAVE_UNISTD_H 1
| /* end confdefs.h.  */
| #include <minix/config.h>
configure:4412: result: no
configure:4412: checking for minix/config.h
configure:4412: result: no
configure:4433: checking whether it is safe to define __EXTENSIONS__
configure:4451: gcc -c -g -O2  conftest.c >&5
configure:4451: $? = 0
configure:4458: result: yes
configure:4477: checking build system type
configure:4491: result: x86_64-pc-linux-gnu
configure:4511: checking host system type
configure:4524: result: x86_64-pc-linux-gnu
configure:4544: checking for a sed that does not truncate output
configure:4608: result: /bin/sed
configure:4626: checking for fgrep
configure:4688: result: /bin/grep -F
configure:4715: checking how to print strings
configure:4742: result: printf
configure:4775: checking for ld used by gcc
configure:4842: result: /usr/bin/ld
configure:4849: checking if the linker (/usr/bin/ld) is GNU ld
configure:4864: result: yes
configure:4918: checking for BSD- or MS-compatible name lister (nm)
configure:4972: result: /usr/bin/nm -B
configure:5102: checking the name lister (/usr/bin/nm -B) interface
configure:5109: gcc -c -g -O2  conftest.c >&5
configure:5112: /usr/bin/nm -B "conftest.o"
configure:5115: output
0000000000000000 B some_variable
configure:5122: result: BSD nm
configure:5125: checking whether ln -s works
configure:5129: result: yes
configure:5137: checking the maximum length of command line arguments
configure:5268: result: 1572864
configure:5316: checking how to convert x86_64-pc-linux-gnu file names to x86_64-pc-linux-gnu format
configure:5356: result: func_convert_file_noop
configure:5363: checking how to convert x86_64-pc-linux-gnu file names to toolchain format
configure:5383: result: func_convert_file_noop
configure:5390: checking for /usr/bin/ld option to reload object files
configure:5397: result: -r
configure:5471: checking for objdump
configure:5487: found /usr/bin/objdump
configure:5498: result: objdump
configure:5530: checking how to recognize dependent libraries
configure:5730: result: pass_all
configure:5815: checking for dlltool
configure:5845: result: no
configure:5875: checking how to associate runtime and link libraries
configure:5902: result: printf %s\n
configure:5962: checking for ar
configure:5978: found /usr/bin/ar
configure:5989: result: ar
configure:6026: checking for archiver @FILE support
configure:6043: gcc -c -g -O2  conftest.c >&5
configure:6043: $? = 0
configure:6046: ar cru libconftest.a @conftest.lst >&5
ar: `u' modifier ignored since `D' is the default (see `U')
configure:6049: $? = 0
configure:6054: ar cru libconftest.a @conftest.lst >&5
ar: `u' modifier ignored since `D' is the default (see `U')
ar: conftest.o: No such file or directory
configure:6057: $? = 1
configure:6069: result: @
configure:6127: checking for strip
configure:6143: found /usr/bin/strip
configure:6154: result: strip
configure:6226: checking for ranlib
configure:6242: found /usr/bin/ranlib
configure:6253: result: ranlib
configure:6355: checking command to parse /usr/bin/nm -B output from gcc object
configure:6508: gcc -c -g -O2  conftest.c >&5
configure:6511: $? = 0
configure:6515: /usr/bin/nm -B conftest.o \| sed -n -e 's/^.*[ ]\([ABCDGIRSTW][ABCDGIRSTW]*\)[ ][ ]*\([_A-Za-z][_A-Za-z0-9]*\)$/\1 \2 \2/p' | sed '/ __gnu_lto/d' \> conftest.nm
configure:6518: $? = 0
configure:6584: gcc -o conftest -g -O2   conftest.c conftstm.o >&5
configure:6587: $? = 0
configure:6625: result: ok
configure:6672: checking for sysroot
configure:6702: result: no
configure:6709: checking for a working dd
configure:6747: result: /bin/dd
configure:6751: checking how to truncate binary pipes
configure:6766: result: /bin/dd bs=4096 count=1
configure:6902: gcc -c -g -O2  conftest.c >&5
configure:6905: $? = 0
configure:7095: checking for mt
configure:7111: found /bin/mt
configure:7122: result: mt
configure:7145: checking if mt is a manifest tool
configure:7151: mt '-?'
configure:7159: result: no
configure:7833: checking for dlfcn.h
configure:7833: gcc -c -g -O2  conftest.c >&5
configure:7833: $? = 0
configure:7833: result: yes
configure:8089: checking for objdir
configure:8104: result: .libs
configure:8368: checking if gcc supports -fno-rtti -fno-exceptions
configure:8386: gcc -c -g -O2  -fno-rtti -fno-exceptions conftest.c >&5
cc1: warning: command line option '-fno-rtti' is valid for C++/ObjC++ but not for C
configure:8390: $? = 0
configure:8403: result: no
configure:8761: checking for gcc option to produce PIC
configure:8768: result: -fPIC -DPIC
configure:8776: checking if gcc PIC flag -fPIC -DPIC works
configure:8794: gcc -c -g -O2  -fPIC -DPIC -DPIC conftest.c >&5
configure:8798: $? = 0
configure:8811: result: yes
configure:8840: checking if gcc static flag -static works
configure:8868: result: yes
configure:8883: checking if gcc supports -c -o file.o
configure:8904: gcc -c -g -O2  -o out/conftest2.o conftest.c >&5
configure:8908: $? = 0
configure:8930: result: yes
configure:8938: checking if gcc supports -c -o file.o
configure:8985: result: yes
configure:9018: checking whether the gcc linker (/usr/bin/ld -m elf_x86_64) supports shared libraries
configure:10281: result: yes
configure:10318: checking whether -lc should be explicitly linked in
configure:10326: gcc -c -g -O2  conftest.c >&5
configure:10329: $? = 0
configure:10344: gcc -shared  -fPIC -DPIC conftest.o  -v -Wl,-soname -Wl,conftest -o conftest 2\>\&1 \| /bin/grep  -lc  \>/dev/null 2\>\&1
configure:10347: $? = 0
configure:10361: result: no
configure:10521: checking dynamic linker characteristics
configure:11102: gcc -o conftest -g -O2   -Wl,-rpath -Wl,/foo conftest.c  >&5
configure:11102: $? = 0
configure:11351: result: GNU/Linux ld.so
configure:11473: checking how to hardcode library paths into programs
configure:11498: result: immediate
configure:12046: checking whether stripping libraries is possible
configure:12051: result: yes
configure:12086: checking if libtool supports shared libraries
configure:12088: result: yes
configure:12091: checking whether to build shared libraries
configure:12116: result: yes
configure:12119: checking whether to build static libraries
configure:12123: result: yes
configure:12164: checking for sys/types.h
configure:12164: result: yes
configure:12164: checking for unistd.h
configure:12164: result: yes
configure:12164: checking fcntl.h usability
configure:12164: gcc -c -g -O2  conftest.c >&5
configure:12164: $? = 0
configure:12164: result: yes
configure:12164: checking fcntl.h presence
configure:12164: gcc -E  conftest.c
configure:12164: $? = 0
configure:12164: result: yes
configure:12164: checking for fcntl.h
configure:12164: result: yes
configure:12164: checking for strings.h
configure:12164: result: yes
configure:12164: checking pthread.h usability
configure:12164: gcc -c -g -O2  conftest.c >&5
configure:12164: $? = 0
configure:12164: result: yes
configure:12164: checking pthread.h presence
configure:12164: gcc -E  conftest.c
configure:12164: $? = 0
configure:12164: result: yes
configure:12164: checking for pthread.h
configure:12164: result: yes
configure:12164: checking time.h usability
configure:12164: gcc -c -g -O2  conftest.c >&5
configure:12164: $? = 0
configure:12164: result: yes
configure:12164: checking time.h presence
configure:12164: gcc -E  conftest.c
configure:12164: $? = 0
configure:12164: result: yes
configure:12164: checking for time.h
configure:12164: result: yes
configure:12164: checking errno.h usability
configure:12164: gcc -c -g -O2  conftest.c >&5
configure:12164: $? = 0
configure:12164: result: yes
configure:12164: checking errno.h presence
configure:12164: gcc -E  conftest.c
configure:12164: $? = 0
configure:12164: result: yes
configure:12164: checking for errno.h
configure:12164: result: yes
configure:12164: checking stdarg.h usability
configure:12164: gcc -c -g -O2  conftest.c >&5
configure:12164: $? = 0
configure:12164: result: yes
configure:12164: checking stdarg.h presence
configure:12164: gcc -E  conftest.c
configure:12164: $? = 0
configure:12164: result: yes
configure:12164: checking for stdarg.h
configure:12164: result: yes
configure:12164: checking limits.h usability
configure:12164: gcc -c -g -O2  conftest.c >&5
configure:12164: $? = 0
configure:12164: result: yes
configure:12164: checking limits.h presence
configure:12164: gcc -E  conftest.c
configure:12164: $? = 0
configure:12164: result: yes
configure:12164: checking for limits.h
configure:12164: result: yes
configure:12164: checking signal.h usability
configure:12164: gcc -c -g -O2  conftest.c >&5
configure:12164: $? = 0
configure:12164: result: yes
configure:12164: checking signal.h presence
configure:12164: gcc -E  conftest.c
configure:12164: $? = 0
configure:12164: result: yes
configure:12164: checking for signal.h
configure:12164: result: yes
configure:12164: checking for stdlib.h
configure:12164: result: yes
configure:12177: checking for inttypes.h
configure:12177: result: yes
configure:12177: checking math.h usability
configure:12177: gcc -c -g -O2  conftest.c >&5
configure:12177: $? = 0
configure:12177: result: yes
configure:12177: checking math.h presence
configure:12177: gcc -E  conftest.c
configure:12177: $? = 0
configure:12177: result: yes
configure:12177: checking for math.h
configure:12177: result: yes
configure:12187: checking for pow in -lm
configure:12212: gcc -o conftest -g -O2   conftest.c -lm   >&5
conftest.c:48:6: warning: conflicting types for built-in function 'pow' [-Wbuiltin-declaration-mismatch]
 char pow ();
      ^~~
configure:12212: $? = 0
configure:12221: result: yes
configure:12232: checking for fclose in -lstdc++
configure:12257: gcc -o conftest -g -O2   conftest.c -lstdc++  -lm  >&5
configure:12257: $? = 0
configure:12266: result: yes
configure:12287: checking for gcc option to support OpenMP
configure:12302: gcc -o conftest -g -O2   conftest.c -lstdc++ -lm  >&5
conftest.c:45:2: error: unknown type name 'choke'
  choke me
  ^~~~~
In file included from conftest.c:47:0:
/usr/lib/gcc/x86_64-linux-gnu/7/include/omp.h:35:1: error: expected '=', ',', ';', 'asm' or '__attribute__' before 'typedef'
 typedef struct
 ^~~~~~~
configure:12302: $? = 1
configure: failed program was:
| /* confdefs.h */
| #define PACKAGE_NAME "INF8601-LAB2"
| #define PACKAGE_TARNAME "inf8601-lab2"
| #define PACKAGE_VERSION "2.1.5"
| #define PACKAGE_STRING "INF8601-LAB2 2.1.5"
| #define PACKAGE_BUGREPORT ""
| #define PACKAGE_URL ""
| #define PACKAGE "inf8601-lab2"
| #define VERSION "2.1.5"
| #define STDC_HEADERS 1
| #define HAVE_SYS_TYPES_H 1
| #define HAVE_SYS_STAT_H 1
| #define HAVE_STDLIB_H 1
| #define HAVE_STRING_H 1
| #define HAVE_MEMORY_H 1
| #define HAVE_STRINGS_H 1
| #define HAVE_INTTYPES_H 1
| #define HAVE_STDINT_H 1
| #define HAVE_UNISTD_H 1
| #define __EXTENSIONS__ 1
| #define _ALL_SOURCE 1
| #define _GNU_SOURCE 1
| #define _POSIX_PTHREAD_SEMANTICS 1
| #define _TANDEM_SOURCE 1
| #define HAVE_DLFCN_H 1
| #define LT_OBJDIR ".libs/"
| #define HAVE_SYS_TYPES_H 1
| #define HAVE_UNISTD_H 1
| #define HAVE_FCNTL_H 1
| #define HAVE_STRINGS_H 1
| #define HAVE_PTHREAD_H 1
| #define HAVE_TIME_H 1
| #define HAVE_ERRNO_H 1
| #define HAVE_STDARG_H 1
| #define HAVE_LIMITS_H 1
| #define HAVE_SIGNAL_H 1
| #define HAVE_STDLIB_H 1
| #define HAVE_INTTYPES_H 1
| #define HAVE_MATH_H 1
| #define HAVE_LIBM 1
| #define HAVE_LIBSTDC__ 1
| /* end confdefs.h.  */
| 
| #ifndef _OPENMP
|  choke me
| #endif
| #include <omp.h>
| int main () { return omp_get_num_threads (); }
| 
configure:12320: gcc -o conftest -g -O2 -fopenmp   conftest.c -lstdc++ -lm  >&5
configure:12320: $? = 0
configure:12334: result: -fopenmp
configure:12356: checking CL/cl.h usability
configure:12356: gcc -c -g -O2  conftest.c >&5
configure:12356: $? = 0
configure:12356: result: yes
configure:12356: checking CL/cl.h presence
configure:12356: gcc -E  conftest.c
configure:12356: $? = 0
configure:12356: result: yes
configure:12356: checking for CL/cl.h
configure:12356: result: yes
configure:12388: checking whether host is Mac OS
configure:12397: result: no
configure:12399: checking for clGetPlatformIDs in -lOpenCL
configure:12424: gcc -o conftest -g -O2   conftest.c -lOpenCL  -lstdc++ -lm  >&5
configure:12424: $? = 0
configure:12433: result: yes
configure:12451: checking whether to enable debug mode
configure:12469: result: no
configure:12491: checking whether make supports nested variables
configure:12508: result: yes
configure:12569: checking for gcc
configure:12596: result: gcc
configure:12825: checking for C compiler version
configure:12834: gcc --version >&5
gcc (Debian 7.2.0-11) 7.2.0
Copyright (C) 2017 Free Software Foundation, Inc.
This is free software; see the source for copying conditions.  There is NO
warranty; not even for MERCHANTABILITY or FITNESS FOR A PARTICULAR PURPOSE.

configure:12845: $? = 0
configure:12834: gcc -v >&5
Using built-in specs.
COLLECT_GCC=gcc
COLLECT_LTO_WRAPPER=/usr/lib/gcc/x86_64-linux-gnu/7/lto-wrapper
OFFLOAD_TARGET_NAMES=nvptx-none
OFFLOAD_TARGET_DEFAULT=1
Target: x86_64-linux-gnu
Configured with: ../src/configure -v --with-pkgversion='Debian 7.2.0-11' --with-bugurl=file:///usr/share/doc/gcc-7/README.Bugs --enable-languages=c,ada,c++,go,brig,d,fortran,objc,obj-c++ --prefix=/usr --with-gcc-major-version-only --program-suffix=-7 --program-prefix=x86_64-linux-gnu- --enable-shared --enable-linker-build-id --libexecdir=/usr/lib --without-included-gettext --enable-threads=posix --libdir=/usr/lib --enable-nls --with-sysroot=/ --enable-clocale=gnu --enable-libstdcxx-debug --enable-libstdcxx-time=yes --with-default-libstdcxx-abi=new --enable-gnu-unique-object --disable-vtable-verify --enable-libmpx --enable-plugin --enable-default-pie --with-system-zlib --with-target-system-zlib --enable-objc-gc=auto --enable-multiarch --disable-werror --with-arch-32=i686 --with-abi=m64 --with-multilib-list=m32,m64,mx32 --enable-multilib --with-tune=generic --enable-offload-targets=nvptx-none --without-cuda-driver --enable-checking=release --build=x86_64-linux-gnu --host=x86_64-linux-gnu --target=x86_64-linux-gnu
Thread model: posix
gcc version 7.2.0 (Debian 7.2.0-11) 
configure:12845: $? = 0
configure:12834: gcc -V >&5
gcc: error: unrecognized command line option '-V'
gcc: fatal error: no input files
compilation terminated.
configure:12845: $? = 1
configure:12834: gcc -qversion >&5
gcc: error: unrecognized command line option '-qversion'; did you mean '--version'?
gcc: fatal error: no input files
compilation terminated.
configure:12845: $? = 1
configure:12849: checking whether we are using the GNU C compiler
configure:12877: result: yes
configure:12886: checking whether gcc accepts -g
configure:12947: result: yes
configure:12964: checking for gcc option to accept ISO C89
configure:13040: result: none needed
configure:13065: checking whether gcc understands -c and -o together
configure:13102: result: yes
configure:13121: checking dependency style of gcc
configure:13232: result: gcc3
configure:13305: checking for g++
configure:13321: found /usr/bin/g++
configure:13332: result: g++
configure:13359: checking for C++ compiler version
configure:13368: g++ --version >&5
g++ (Debian 7.2.0-11) 7.2.0
Copyright (C) 2017 Free Software Foundation, Inc.
This is free software; see the source for copying conditions.  There is NO
warranty; not even for MERCHANTABILITY or FITNESS FOR A PARTICULAR PURPOSE.

configure:13379: $? = 0
configure:13368: g++ -v >&5
Using built-in specs.
COLLECT_GCC=g++
COLLECT_LTO_WRAPPER=/usr/lib/gcc/x86_64-linux-gnu/7/lto-wrapper
OFFLOAD_TARGET_NAMES=nvptx-none
OFFLOAD_TARGET_DEFAULT=1
Target: x86_64-linux-gnu
Configured with: ../src/configure -v --with-pkgversion='Debian 7.2.0-11' --with-bugurl=file:///usr/share/doc/gcc-7/README.Bugs --enable-languages=c,ada,c++,go,brig,d,fortran,objc,obj-c++ --prefix=/usr --with-gcc-major-version-only --program-suffix=-7 --program-prefix=x86_64-linux-gnu- --enable-shared --enable-linker-build-id --libexecdir=/usr/lib --without-included-gettext --enable-threads=posix --libdir=/usr/lib --enable-nls --with-sysroot=/ --enable-clocale=gnu --enable-libstdcxx-debug --enable-libstdcxx-time=yes --with-default-libstdcxx-abi=new --enable-gnu-unique-object --disable-vtable-verify --enable-libmpx --enable-plugin --enable-default-pie --with-system-zlib --with-target-system-zlib --enable-objc-gc=auto --enable-multiarch --disable-werror --with-arch-32=i686 --with-abi=m64 --with-multilib-list=m32,m64,mx32 --enable-multilib --with-tune=generic --enable-offload-targets=nvptx-none --without-cuda-driver --enable-checking=release --build=x86_64-linux-gnu --host=x86_64-linux-gnu --target=x86_64-linux-gnu
Thread model: posix
gcc version 7.2.0 (Debian 7.2.0-11) 
configure:13379: $? = 0
configure:13368: g++ -V >&5
g++: error: unrecognized command line option '-V'
g++: fatal error: no input files
compilation terminated.
configure:13379: $? = 1
configure:13368: g++ -qversion >&5
g++: error: unrecognized command line option '-qversion'; did you mean '--version'?
g++: fatal error: no input files
compilation terminated.
configure:13379: $? = 1
configure:13383: checking whether we are using the GNU C++ compiler
configure:13402: g++ -c   conftest.cpp >&5
configure:13402: $? = 0
configure:13411: result: yes
configure:13420: checking whether g++ accepts -g
configure:13440: g++ -c -g  conftest.cpp >&5
configure:13440: $? = 0
configure:13481: result: yes
configure:13506: checking dependency style of g++
configure:13617: result: gcc3
configure:13650: checking how to run the C++ preprocessor
configure:13677: g++ -E  conftest.cpp
configure:13677: $? = 0
configure:13691: g++ -E  conftest.cpp
conftest.cpp:45:10: fatal error: ac_nonexistent.h: No such file or directory
 #include <ac_nonexistent.h>
          ^~~~~~~~~~~~~~~~~~
compilation terminated.
configure:13691: $? = 1
configure: failed program was:
| /* confdefs.h */
| #define PACKAGE_NAME "INF8601-LAB2"
| #define PACKAGE_TARNAME "inf8601-lab2"
| #define PACKAGE_VERSION "2.1.5"
| #define PACKAGE_STRING "INF8601-LAB2 2.1.5"
| #define PACKAGE_BUGREPORT ""
| #define PACKAGE_URL ""
| #define PACKAGE "inf8601-lab2"
| #define VERSION "2.1.5"
| #define STDC_HEADERS 1
| #define HAVE_SYS_TYPES_H 1
| #define HAVE_SYS_STAT_H 1
| #define HAVE_STDLIB_H 1
| #define HAVE_STRING_H 1
| #define HAVE_MEMORY_H 1
| #define HAVE_STRINGS_H 1
| #define HAVE_INTTYPES_H 1
| #define HAVE_STDINT_H 1
| #define HAVE_UNISTD_H 1
| #define __EXTENSIONS__ 1
| #define _ALL_SOURCE 1
| #define _GNU_SOURCE 1
| #define _POSIX_PTHREAD_SEMANTICS 1
| #define _TANDEM_SOURCE 1
| #define HAVE_DLFCN_H 1
| #define LT_OBJDIR ".libs/"
| #define HAVE_SYS_TYPES_H 1
| #define HAVE_UNISTD_H 1
| #define HAVE_FCNTL_H 1
| #define HAVE_STRINGS_H 1
| #define HAVE_PTHREAD_H 1
| #define HAVE_TIME_H 1
| #define HAVE_ERRNO_H 1
| #define HAVE_STDARG_H 1
| #define HAVE_LIMITS_H 1
| #define HAVE_SIGNAL_H 1
| #define HAVE_STDLIB_H 1
| #define HAVE_INTTYPES_H 1
| #define HAVE_MATH_H 1
| #define HAVE_LIBM 1
| #define HAVE_LIBSTDC__ 1
| #define HAVE_CL_CL_H 1
| #define HAVE_LIBOPENCL 1
| /* end confdefs.h.  */
| #include <ac_nonexistent.h>
configure:13716: result: g++ -E
configure:13736: g++ -E  conftest.cpp
configure:13736: $? = 0
configure:13750: g++ -E  conftest.cpp
conftest.cpp:45:10: fatal error: ac_nonexistent.h: No such file or directory
 #include <ac_nonexistent.h>
          ^~~~~~~~~~~~~~~~~~
compilation terminated.
configure:13750: $? = 1
configure: failed program was:
| /* confdefs.h */
| #define PACKAGE_NAME "INF8601-LAB2"
| #define PACKAGE_TARNAME "inf8601-lab2"
| #define PACKAGE_VERSION "2.1.5"
| #define PACKAGE_STRING "INF8601-LAB2 2.1.5"
| #define PACKAGE_BUGREPORT ""
| #define PACKAGE_URL ""
| #define PACKAGE "inf8601-lab2"
| #define VERSION "2.1.5"
| #define STDC_HEADERS 1
| #define HAVE_SYS_TYPES_H 1
| #define HAVE_SYS_STAT_H 1
| #define HAVE_STDLIB_H 1
| #define HAVE_STRING_H 1
| #define HAVE_MEMORY_H 1
| #define HAVE_STRINGS_H 1
| #define HAVE_INTTYPES_H 1
| #define HAVE_STDINT_H 1
| #define HAVE_UNISTD_H 1
| #define __EXTENSIONS__ 1
| #define _ALL_SOURCE 1
| #define _GNU_SOURCE 1
| #define _POSIX_PTHREAD_SEMANTICS 1
| #define _TANDEM_SOURCE 1
| #define HAVE_DLFCN_H 1
| #define LT_OBJDIR ".libs/"
| #define HAVE_SYS_TYPES_H 1
| #define HAVE_UNISTD_H 1
| #define HAVE_FCNTL_H 1
| #define HAVE_STRINGS_H 1
| #define HAVE_PTHREAD_H 1
| #define HAVE_TIME_H 1
| #define HAVE_ERRNO_H 1
| #define HAVE_STDARG_H 1
| #define HAVE_LIMITS_H 1
| #define HAVE_SIGNAL_H 1
| #define HAVE_STDLIB_H 1
| #define HAVE_INTTYPES_H 1
| #define HAVE_MATH_H 1
| #define HAVE_LIBM 1
| #define HAVE_LIBSTDC__ 1
| #define HAVE_CL_CL_H 1
| #define HAVE_LIBOPENCL 1
| /* end confdefs.h.  */
| #include <ac_nonexistent.h>
configure:13912: checking for ld used by g++
configure:13979: result: /usr/bin/ld -m elf_x86_64
configure:13986: checking if the linker (/usr/bin/ld -m elf_x86_64) is GNU ld
configure:14001: result: yes
configure:14056: checking whether the g++ linker (/usr/bin/ld -m elf_x86_64) supports shared libraries
configure:15129: result: yes
configure:15165: g++ -c -g -O2  conftest.cpp >&5
configure:15168: $? = 0
configure:15649: checking for g++ option to produce PIC
configure:15656: result: -fPIC -DPIC
configure:15664: checking if g++ PIC flag -fPIC -DPIC works
configure:15682: g++ -c -g -O2  -fPIC -DPIC -DPIC conftest.cpp >&5
configure:15686: $? = 0
configure:15699: result: yes
configure:15722: checking if g++ static flag -static works
configure:15750: result: no
configure:15762: checking if g++ supports -c -o file.o
configure:15783: g++ -c -g -O2  -o out/conftest2.o conftest.cpp >&5
configure:15787: $? = 0
configure:15809: result: yes
configure:15814: checking if g++ supports -c -o file.o
configure:15861: result: yes
configure:15891: checking whether the g++ linker (/usr/bin/ld -m elf_x86_64) supports shared libraries
configure:15934: result: yes
configure:16075: checking dynamic linker characteristics
configure:16832: result: GNU/Linux ld.so
configure:16897: checking how to hardcode library paths into programs
configure:16922: result: immediate
configure:17006: checking for ranlib
configure:17033: result: ranlib
configure:17166: checking that generated files are newer than configure
configure:17172: result: done
configure:17203: creating ./config.status

## ---------------------- ##
## Running config.status. ##
## ---------------------- ##

This file was extended by INF8601-LAB2 config.status 2.1.5, which was
generated by GNU Autoconf 2.69.  Invocation command line was

  CONFIG_FILES    = 
  CONFIG_HEADERS  = 
  CONFIG_LINKS    = 
  CONFIG_COMMANDS = 
  $ ./config.status 

on debian

config.status:1174: creating Makefile
config.status:1174: creating tests/Makefile
config.status:1174: creating encode/Makefile
config.status:1174: creating src/Makefile
config.status:1174: creating config.h
config.status:1355: config.h is unchanged
config.status:1403: executing depfiles commands
config.status:1403: executing libtool commands

## ---------------- ##
## Cache variables. ##
## ---------------- ##

ac_cv_build=x86_64-pc-linux-gnu
ac_cv_c_compiler_gnu=yes
ac_cv_cxx_compiler_gnu=yes
ac_cv_env_CCC_set=
ac_cv_env_CCC_value=
ac_cv_env_CC_set=
ac_cv_env_CC_value=
ac_cv_env_CFLAGS_set=
ac_cv_env_CFLAGS_value=
ac_cv_env_CPPFLAGS_set=
ac_cv_env_CPPFLAGS_value=
ac_cv_env_CPP_set=
ac_cv_env_CPP_value=
ac_cv_env_CXXCPP_set=
ac_cv_env_CXXCPP_value=
ac_cv_env_CXXFLAGS_set=
ac_cv_env_CXXFLAGS_value=
ac_cv_env_CXX_set=
ac_cv_env_CXX_value=
ac_cv_env_LDFLAGS_set=
ac_cv_env_LDFLAGS_value=
ac_cv_env_LIBS_set=
ac_cv_env_LIBS_value=
ac_cv_env_LT_SYS_LIBRARY_PATH_set=
ac_cv_env_LT_SYS_LIBRARY_PATH_value=
ac_cv_env_build_alias_set=
ac_cv_env_build_alias_value=
ac_cv_env_host_alias_set=
ac_cv_env_host_alias_value=
ac_cv_env_target_alias_set=
ac_cv_env_target_alias_value=
ac_cv_header_CL_cl_h=yes
ac_cv_header_dlfcn_h=yes
ac_cv_header_errno_h=yes
ac_cv_header_fcntl_h=yes
ac_cv_header_inttypes_h=yes
ac_cv_header_limits_h=yes
ac_cv_header_math_h=yes
ac_cv_header_memory_h=yes
ac_cv_header_minix_config_h=no
ac_cv_header_pthread_h=yes
ac_cv_header_signal_h=yes
ac_cv_header_stdarg_h=yes
ac_cv_header_stdc=yes
ac_cv_header_stdint_h=yes
ac_cv_header_stdlib_h=yes
ac_cv_header_string_h=yes
ac_cv_header_strings_h=yes
ac_cv_header_sys_stat_h=yes
ac_cv_header_sys_types_h=yes
ac_cv_header_time_h=yes
ac_cv_header_unistd_h=yes
ac_cv_host=x86_64-pc-linux-gnu
ac_cv_lib_OpenCL_clGetPlatformIDs=yes
ac_cv_lib_m_pow=yes
ac_cv_lib_stdcpp_fclose=yes
ac_cv_objext=o
ac_cv_path_EGREP='/bin/grep -E'
ac_cv_path_FGREP='/bin/grep -F'
ac_cv_path_GREP=/bin/grep
ac_cv_path_SED=/bin/sed
ac_cv_path_install='/usr/bin/install -c'
ac_cv_path_lt_DD=/bin/dd
ac_cv_path_mkdir=/bin/mkdir
ac_cv_prog_AWK=gawk
ac_cv_prog_CPP='gcc -E'
ac_cv_prog_CXXCPP='g++ -E'
ac_cv_prog_ac_ct_AR=ar
ac_cv_prog_ac_ct_CC=gcc
ac_cv_prog_ac_ct_CXX=g++
ac_cv_prog_ac_ct_MANIFEST_TOOL=mt
ac_cv_prog_ac_ct_OBJDUMP=objdump
ac_cv_prog_ac_ct_RANLIB=ranlib
ac_cv_prog_ac_ct_STRIP=strip
ac_cv_prog_c_openmp=-fopenmp
ac_cv_prog_cc_c89=
ac_cv_prog_cc_g=yes
ac_cv_prog_cxx_g=yes
ac_cv_prog_make_make_set=yes
ac_cv_safe_to_define___extensions__=yes
am_cv_CC_dependencies_compiler_type=gcc3
am_cv_CXX_dependencies_compiler_type=gcc3
am_cv_make_support_nested_variables=yes
am_cv_prog_cc_c_o=yes
lt_cv_ar_at_file=@
lt_cv_archive_cmds_need_lc=no
lt_cv_deplibs_check_method=pass_all
lt_cv_file_magic_cmd='$MAGIC_CMD'
lt_cv_file_magic_test_file=
lt_cv_ld_reload_flag=-r
lt_cv_nm_interface='BSD nm'
lt_cv_objdir=.libs
lt_cv_path_LD=/usr/bin/ld
lt_cv_path_LDCXX='/usr/bin/ld -m elf_x86_64'
lt_cv_path_NM='/usr/bin/nm -B'
lt_cv_path_mainfest_tool=no
lt_cv_prog_compiler_c_o=yes
lt_cv_prog_compiler_c_o_CXX=yes
lt_cv_prog_compiler_pic='-fPIC -DPIC'
lt_cv_prog_compiler_pic_CXX='-fPIC -DPIC'
lt_cv_prog_compiler_pic_works=yes
lt_cv_prog_compiler_pic_works_CXX=yes
lt_cv_prog_compiler_rtti_exceptions=no
lt_cv_prog_compiler_static_works=yes
lt_cv_prog_compiler_static_works_CXX=no
lt_cv_prog_gnu_ld=yes
lt_cv_prog_gnu_ldcxx=yes
lt_cv_sharedlib_from_linklib_cmd='printf %s\n'
lt_cv_shlibpath_overrides_runpath=yes
lt_cv_sys_global_symbol_pipe='sed -n -e '\''s/^.*[	 ]\([ABCDGIRSTW][ABCDGIRSTW]*\)[	 ][	 ]*\([_A-Za-z][_A-Za-z0-9]*\)$/\1 \2 \2/p'\'' | sed '\''/ __gnu_lto/d'\'''
lt_cv_sys_global_symbol_to_c_name_address='sed -n -e '\''s/^: \(.*\) .*$/  {"\1", (void *) 0},/p'\'' -e '\''s/^[ABCDGIRSTW][ABCDGIRSTW]* .* \(.*\)$/  {"\1", (void *) \&\1},/p'\'''
lt_cv_sys_global_symbol_to_c_name_address_lib_prefix='sed -n -e '\''s/^: \(.*\) .*$/  {"\1", (void *) 0},/p'\'' -e '\''s/^[ABCDGIRSTW][ABCDGIRSTW]* .* \(lib.*\)$/  {"\1", (void *) \&\1},/p'\'' -e '\''s/^[ABCDGIRSTW][ABCDGIRSTW]* .* \(.*\)$/  {"lib\1", (void *) \&\1},/p'\'''
lt_cv_sys_global_symbol_to_cdecl='sed -n -e '\''s/^T .* \(.*\)$/extern int \1();/p'\'' -e '\''s/^[ABCDGIRSTW][ABCDGIRSTW]* .* \(.*\)$/extern char \1;/p'\'''
lt_cv_sys_global_symbol_to_import=
lt_cv_sys_max_cmd_len=1572864
lt_cv_to_host_file_cmd=func_convert_file_noop
lt_cv_to_tool_file_cmd=func_convert_file_noop
lt_cv_truncate_bin='/bin/dd bs=4096 count=1'

## ----------------- ##
## Output variables. ##
## ----------------- ##

ACLOCAL='${SHELL} /home/olivier/Documents/Gits/INF8601TP2/inf8601-lab2/missing aclocal-1.15'
AMDEPBACKSLASH='\'
AMDEP_FALSE='#'
AMDEP_TRUE=''
AMTAR='$${TAR-tar}'
AM_BACKSLASH='\'
AM_DEFAULT_V='$(AM_DEFAULT_VERBOSITY)'
AM_DEFAULT_VERBOSITY='0'
AM_V='$(V)'
AR='ar'
AUTOCONF='${SHELL} /home/olivier/Documents/Gits/INF8601TP2/inf8601-lab2/missing autoconf'
AUTOHEADER='${SHELL} /home/olivier/Documents/Gits/INF8601TP2/inf8601-lab2/missing autoheader'
AUTOMAKE='${SHELL} /home/olivier/Documents/Gits/INF8601TP2/inf8601-lab2/missing automake-1.15'
AWK='gawk'
CC='gcc'
CCDEPMODE='depmode=gcc3'
CFLAGS='-Wall -O3 -fomit-frame-pointer'
CPP='gcc -E'
CPPFLAGS=''
CXX='g++'
CXXCPP='g++ -E'
CXXDEPMODE='depmode=gcc3'
CXXFLAGS='-g -O2'
CYGPATH_W='echo'
DEFS='-DHAVE_CONFIG_H'
DEPDIR='.deps'
DLLTOOL='false'
DSYMUTIL=''
DUMPBIN=''
ECHO_C=''
ECHO_N='-n'
ECHO_T=''
EGREP='/bin/grep -E'
EXEEXT=''
FGREP='/bin/grep -F'
GREP='/bin/grep'
INSTALL_DATA='${INSTALL} -m 644'
INSTALL_PROGRAM='${INSTALL}'
INSTALL_SCRIPT='${INSTALL}'
INSTALL_STRIP_PROGRAM='$(install_sh) -c -s'
LD='/usr/bin/ld -m elf_x86_64'
LDFLAGS=''
LIBOBJS=''
LIBS='-lOpenCL -lstdc++ -lm '
LIBTOOL='$(SHELL) $(top_builddir)/libtool'
LIPO=''
LN_S='ln -s'
LTLIBOBJS=''
LT_SYS_LIBRARY_PATH=''
MAKEINFO='${SHELL} /home/olivier/Documents/Gits/INF8601TP2/inf8601-lab2/missing makeinfo'
MANIFEST_TOOL=':'
MKDIR_P='/bin/mkdir -p'
NM='/usr/bin/nm -B'
NMEDIT=''
OBJDUMP='objdump'
OBJEXT='o'
OPENCLCC='openclcc-embed'
OPENMP_CFLAGS='-fopenmp'
OTOOL64=''
OTOOL=''
PACKAGE='inf8601-lab2'
PACKAGE_BUGREPORT=''
PACKAGE_NAME='INF8601-LAB2'
PACKAGE_STRING='INF8601-LAB2 2.1.5'
PACKAGE_TARNAME='inf8601-lab2'
PACKAGE_URL=''
PACKAGE_VERSION='2.1.5'
PATH_SEPARATOR=':'
RANLIB='ranlib'
SED='/bin/sed'
SET_MAKE=''
SHELL='/bin/bash'
STRIP='strip'
VERSION='2.1.5'
ac_ct_AR='ar'
ac_ct_CC='gcc'
ac_ct_CXX='g++'
ac_ct_DUMPBIN=''
am__EXEEXT_FALSE=''
am__EXEEXT_TRUE='#'
am__fastdepCC_FALSE='#'
am__fastdepCC_TRUE=''
am__fastdepCXX_FALSE='#'
am__fastdepCXX_TRUE=''
am__include='include'
am__isrc=''
am__leading_dot='.'
am__nodep='_no'
am__quote=''
am__tar='$${TAR-tar} chof - "$$tardir"'
am__untar='$${TAR-tar} xf -'
bindir='${exec_prefix}/bin'
build='x86_64-pc-linux-gnu'
build_alias=''
build_cpu='x86_64'
build_os='linux-gnu'
build_vendor='pc'
datadir='${datarootdir}'
datarootdir='${prefix}/share'
docdir='${datarootdir}/doc/${PACKAGE_TARNAME}'
dvidir='${docdir}'
exec_prefix='${prefix}'
host='x86_64-pc-linux-gnu'
host_alias=''
host_cpu='x86_64'
host_os='linux-gnu'
host_vendor='pc'
htmldir='${docdir}'
includedir='${prefix}/include'
infodir='${datarootdir}/info'
install_sh='${SHELL} /home/olivier/Documents/Gits/INF8601TP2/inf8601-lab2/install-sh'
libdir='${exec_prefix}/lib'
libexecdir='${exec_prefix}/libexec'
localedir='${datarootdir}/locale'
localstatedir='${prefix}/var'
mandir='${datarootdir}/man'
mkdir_p='$(MKDIR_P)'
oldincludedir='/usr/include'
pdfdir='${docdir}'
prefix='/usr/local'
program_transform_name='s,x,x,'
psdir='${docdir}'
runstatedir='${localstatedir}/run'
sbindir='${exec_prefix}/sbin'
sharedstatedir='${prefix}/com'
sysconfdir='${prefix}/etc'
target_alias=''

## ----------- ##
## confdefs.h. ##
## ----------- ##

/* confdefs.h */
#define PACKAGE_NAME "INF8601-LAB2"
#define PACKAGE_TARNAME "inf8601-lab2"
#define PACKAGE_VERSION "2.1.5"
#define PACKAGE_STRING "INF8601-LAB2 2.1.5"
#define PACKAGE_BUGREPORT ""
#define PACKAGE_URL ""
#define PACKAGE "inf8601-lab2"
#define VERSION "2.1.5"
#define STDC_HEADERS 1
#define HAVE_SYS_TYPES_H 1
#define HAVE_SYS_STAT_H 1
#define HAVE_STDLIB_H 1
#define HAVE_STRING_H 1
#define HAVE_MEMORY_H 1
#define HAVE_STRINGS_H 1
#define HAVE_INTTYPES_H 1
#define HAVE_STDINT_H 1
#define HAVE_UNISTD_H 1
#define __EXTENSIONS__ 1
#define _ALL_SOURCE 1
#define _GNU_SOURCE 1
#define _POSIX_PTHREAD_SEMANTICS 1
#define _TANDEM_SOURCE 1
#define HAVE_DLFCN_H 1
#define LT_OBJDIR ".libs/"
#define HAVE_SYS_TYPES_H 1
#define HAVE_UNISTD_H 1
#define HAVE_FCNTL_H 1
#define HAVE_STRINGS_H 1
#define HAVE_PTHREAD_H 1
#define HAVE_TIME_H 1
#define HAVE_ERRNO_H 1
#define HAVE_STDARG_H 1
#define HAVE_LIMITS_H 1
#define HAVE_SIGNAL_H 1
#define HAVE_STDLIB_H 1
#define HAVE_INTTYPES_H 1
#define HAVE_MATH_H 1
#define HAVE_LIBM 1
#define HAVE_LIBSTDC__ 1
#define HAVE_CL_CL_H 1
#define HAVE_LIBOPENCL 1

configure: exit 0
