thread=1,func=fast,ht=0
# started on Thu Oct 19 14:18:11 2017
2524326311,,cycles,675638544,100.00,,,,
6596207894,,instructions,675638544,100.00,2.61,insn per cycle
2666738668,,L1-dcache-loads,675638544,100.00,,,,
8173397,,L1-dcache-load-misses,675638544,100.00,0.31,of all L1-dcache hits
thread=1,func=slow_a,ht=0
# started on Thu Oct 19 14:18:11 2017
2526472133,,cycles,669766801,100.00,,,,
6596201024,,instructions,669766801,100.00,2.61,insn per cycle
2666740782,,L1-dcache-loads,669766801,100.00,,,,
8173547,,L1-dcache-load-misses,669766801,100.00,0.31,of all L1-dcache hits
thread=1,func=slow_b,ht=0
# started on Thu Oct 19 14:18:12 2017
3275238904,,cycles,870218779,100.00,,,,
4555146680,,instructions,870218779,100.00,1.39,insn per cycle
1161460735,,L1-dcache-loads,870218779,100.00,,,,
8206164,,L1-dcache-load-misses,870218779,100.00,0.71,of all L1-dcache hits
thread=1,func=slow_c,ht=0
# started on Thu Oct 19 14:18:13 2017
9910461359,,cycles,2636115846,100.00,,,,
5056403916,,instructions,2636115846,100.00,0.51,insn per cycle
1661894690,,L1-dcache-loads,2636115846,100.00,,,,
8283187,,L1-dcache-load-misses,2636115846,100.00,0.50,of all L1-dcache hits
thread=1,func=slow_d,ht=0
# started on Thu Oct 19 14:18:16 2017
26448454672,,cycles,7052999121,100.00,,,,
10559912730,,instructions,7052999121,100.00,0.40,insn per cycle
4663070219,,L1-dcache-loads,7052999121,100.00,,,,
8472330,,L1-dcache-load-misses,7052999121,100.00,0.18,of all L1-dcache hits
thread=1,func=slow_e,ht=0
# started on Thu Oct 19 14:18:23 2017
19665301222,,cycles,5212167195,100.00,,,,
4652379089,,instructions,5212167195,100.00,0.24,insn per cycle
1475115493,,L1-dcache-loads,5212167195,100.00,,,,
501634545,,L1-dcache-load-misses,5212167195,100.00,34.01,of all L1-dcache hits
thread=1,func=slow_f,ht=0
# started on Thu Oct 19 14:18:28 2017
792628883,,cycles,210270975,100.00,,,,
2148345950,,instructions,210270975,100.00,2.71,insn per cycle
192530667,,L1-dcache-loads,210270975,100.00,,,,
8177792,,L1-dcache-load-misses,210270975,100.00,4.25,of all L1-dcache hits
thread=2,func=fast,ht=0
# started on Thu Oct 19 14:18:28 2017
2817271225,,cycles,750658848,100.00,,,,
6615381325,,instructions,750658848,100.00,2.35,insn per cycle
2666521657,,L1-dcache-loads,750658848,100.00,,,,
8227296,,L1-dcache-load-misses,750658848,100.00,0.31,of all L1-dcache hits
thread=2,func=slow_a,ht=0
# started on Thu Oct 19 14:18:28 2017
2824611772,,cycles,753963665,100.00,,,,
6615344528,,instructions,753963665,100.00,2.34,insn per cycle
2666517895,,L1-dcache-loads,753963665,100.00,,,,
8225222,,L1-dcache-load-misses,753963665,100.00,0.31,of all L1-dcache hits
thread=2,func=slow_b,ht=0
# started on Thu Oct 19 14:18:29 2017
9396142424,,cycles,2502682146,100.00,,,,
4577058903,,instructions,2502682146,100.00,0.49,insn per cycle
1162062956,,L1-dcache-loads,2502682146,100.00,,,,
35112440,,L1-dcache-load-misses,2502682146,100.00,3.02,of all L1-dcache hits
thread=2,func=slow_c,ht=0
# started on Thu Oct 19 14:18:30 2017
84640701905,,cycles,22518262620,100.00,,,,
5091286463,,instructions,22518262620,100.00,0.06,insn per cycle
1666739916,,L1-dcache-loads,22518262620,100.00,,,,
177847997,,L1-dcache-load-misses,22518262620,100.00,10.67,of all L1-dcache hits
thread=2,func=slow_d,ht=0
# started on Thu Oct 19 14:18:42 2017
70214422880,,cycles,20151868572,100.00,,,,
22993580321,,instructions,20151868572,100.00,0.33,insn per cycle
7765178021,,L1-dcache-loads,20151868572,100.00,,,,
226723938,,L1-dcache-load-misses,20151868572,100.00,2.92,of all L1-dcache hits
thread=2,func=slow_e,ht=0
# started on Thu Oct 19 14:18:56 2017
31681759189,,cycles,8433981037,100.00,,,,
4674801753,,instructions,8433981037,100.00,0.15,insn per cycle
1475899643,,L1-dcache-loads,8433981037,100.00,,,,
604042186,,L1-dcache-load-misses,8433981037,100.00,40.93,of all L1-dcache hits
thread=2,func=slow_f,ht=0
# started on Thu Oct 19 14:19:00 2017
1089972966,,cycles,290144090,100.00,,,,
2170537622,,instructions,290144090,100.00,1.99,insn per cycle
193141832,,L1-dcache-loads,290144090,100.00,,,,
8204697,,L1-dcache-load-misses,290144090,100.00,4.25,of all L1-dcache hits
thread=2,func=fast,ht=1
# started on Thu Oct 19 14:19:00 2017
2807150488,,cycles,743372570,100.00,,,,
6615449719,,instructions,743372570,100.00,2.36,insn per cycle
2666558339,,L1-dcache-loads,743372570,100.00,,,,
8220278,,L1-dcache-load-misses,743372570,100.00,0.31,of all L1-dcache hits
thread=2,func=slow_a,ht=1
# started on Thu Oct 19 14:19:01 2017
2806239568,,cycles,742671077,100.00,,,,
6615493698,,instructions,742671077,100.00,2.36,insn per cycle
2666565057,,L1-dcache-loads,742671077,100.00,,,,
8220615,,L1-dcache-load-misses,742671077,100.00,0.31,of all L1-dcache hits
thread=2,func=slow_b,ht=1
# started on Thu Oct 19 14:19:02 2017
3587515868,,cycles,951818590,100.00,,,,
4577731561,,instructions,951818590,100.00,1.28,insn per cycle
1162204304,,L1-dcache-loads,951818590,100.00,,,,
16026206,,L1-dcache-load-misses,951818590,100.00,1.38,of all L1-dcache hits
thread=2,func=slow_c,ht=1
# started on Thu Oct 19 14:19:03 2017
10208330942,,cycles,2703844401,100.00,,,,
5077385848,,instructions,2703844401,100.00,0.50,insn per cycle
1662184627,,L1-dcache-loads,2703844401,100.00,,,,
8321061,,L1-dcache-load-misses,2703844401,100.00,0.50,of all L1-dcache hits
thread=2,func=slow_d,ht=1
# started on Thu Oct 19 14:19:05 2017
26697605411,,cycles,7063537911,100.00,,,,
10583940203,,instructions,7063537911,100.00,0.40,insn per cycle
4664196326,,L1-dcache-loads,7063537911,100.00,,,,
8516230,,L1-dcache-load-misses,7063537911,100.00,0.18,of all L1-dcache hits
thread=2,func=slow_e,ht=1
# started on Thu Oct 19 14:19:13 2017
20566350148,,cycles,5471504017,100.00,,,,
4673858778,,instructions,5471504017,100.00,0.23,insn per cycle
1475584406,,L1-dcache-loads,5471504017,100.00,,,,
501687423,,L1-dcache-load-misses,5471504017,100.00,34.00,of all L1-dcache hits
thread=2,func=slow_f,ht=1
# started on Thu Oct 19 14:19:18 2017
1085251161,,cycles,287643442,100.00,,,,
2170947751,,instructions,287643442,100.00,2.00,insn per cycle
193282604,,L1-dcache-loads,287643442,100.00,,,,
8180378,,L1-dcache-load-misses,287643442,100.00,4.23,of all L1-dcache hits
